C51 COMPILER V9.54   DELAY                                                                 04/09/2022 11:54:00 PAGE 1   


C51 COMPILER V9.54, COMPILATION OF MODULE DELAY
OBJECT MODULE PLACED IN .\Objects\DELAY.obj
COMPILER INVOKED BY: D:\Software\Keil_v5\C51\BIN\C51.EXE DELAY.c OPTIMIZE(8,SPEED) BROWSE DEBUG OBJECTEXTEND PRINT(.\Lis
                    -tings\DELAY.lst) OBJECT(.\Objects\DELAY.obj)

line level    source

   1          #include <INTRINS.H>
   2          
   3          /**
   4            * @brief 延时
   5            * @param n 延时时间 单位ms
   6            * @retval 无
   7            */
   8          void Delay(unsigned int n)              //@11.0592MHz
   9          {
  10   1              unsigned char i, j;
  11   1              while(n--)
  12   1              {
  13   2                      _nop_();
  14   2                      i = 2;
  15   2                      j = 199;
  16   2                      do
  17   2                      {
  18   3                              while (--j);
  19   3                      } while (--i);
  20   2              }
  21   1      }


MODULE INFORMATION:   STATIC OVERLAYABLE
   CODE SIZE        =     22    ----
   CONSTANT SIZE    =   ----    ----
   XDATA SIZE       =   ----    ----
   PDATA SIZE       =   ----    ----
   DATA SIZE        =   ----    ----
   IDATA SIZE       =   ----    ----
   BIT SIZE         =   ----    ----
END OF MODULE INFORMATION.


C51 COMPILATION COMPLETE.  0 WARNING(S),  0 ERROR(S)
